<?xml version="1.0" encoding="UTF-8"?>
<!-- Generated by org.testng.reporters.JUnitReportReporter -->
<testsuite hostname="DESKTOP-ENRBNV1" failures="0" tests="3" name="com.AutomationTalks.DemoProjects" time="20.219" errors="0" timestamp="2025-02-21T21:53:26 GMT+06:00" skipped="0">
  <testcase classname="com.AutomationTalks.DemoProjects" name="test3" time="6.435"/>
  <testcase classname="com.AutomationTalks.DemoProjects" name="test2" time="7.256"/>
  <testcase classname="com.AutomationTalks.DemoProjects" name="test1" time="6.528"/>
</testsuite> <!-- com.AutomationTalks.DemoProjects -->
