<?xml version="1.0" encoding="UTF-8"?>
<!-- Generated by org.testng.reporters.JUnitReportReporter -->
<testsuite hostname="Rubayet-SQA" failures="0" tests="3" name="com.AutomationTalks.DemoProjects" time="8.152" errors="0" timestamp="2025-03-20T09:51:58 GMT+06:00" skipped="0">
  <testcase classname="com.AutomationTalks.DemoProjects" name="test1" time="3.188"/>
  <testcase classname="com.AutomationTalks.DemoProjects" name="test3" time="2.489"/>
  <testcase classname="com.AutomationTalks.DemoProjects" name="test2" time="2.475"/>
</testsuite> <!-- com.AutomationTalks.DemoProjects -->
